build/app/intermediates/manifest_merge_blame_file/devRelease/manifest-merger-blame-dev-release-report.txt
1<?xml version="1.0" encoding="utf-8"?>
2<manifest xmlns:android="http://schemas.android.com/apk/res/android"
3    package="com.example.hotel.dev"
4    android:versionCode="1"
5    android:versionName="1.0.0" >
6
7    <uses-sdk
8        android:minSdkVersion="21"
8-->src/main/AndroidManifest.xml
9        android:targetSdkVersion="32" />
9-->src/main/AndroidManifest.xml
10
11    <uses-permission android:name="android.permission.INTERNET" />
11-->src/main/AndroidManifest.xml:3:5-66
11-->src/main/AndroidManifest.xml:3:22-64
12    <uses-permission android:name="android.permission.QUERY_ALL_PACKAGES" />
12-->src/main/AndroidManifest.xml:4:5-76
12-->src/main/AndroidManifest.xml:4:22-74
13
14    <queries>
14-->src/main/AndroidManifest.xml:5:5-27:15
15
16        <!-- If your app opens https URLs -->
17        <intent>
17-->src/main/AndroidManifest.xml:7:9-11:18
18            <action android:name="android.intent.action.VIEW" />
18-->src/main/AndroidManifest.xml:8:13-65
18-->src/main/AndroidManifest.xml:8:21-62
19
20            <category android:name="android.intent.category.BROWSABLE" />
20-->src/main/AndroidManifest.xml:9:13-74
20-->src/main/AndroidManifest.xml:9:23-71
21
22            <data android:scheme="https" />
22-->src/main/AndroidManifest.xml:10:13-44
22-->src/main/AndroidManifest.xml:10:19-41
23        </intent>
24        <!-- If your app makes calls -->
25        <intent>
25-->src/main/AndroidManifest.xml:13:9-16:18
26            <action android:name="android.intent.action.DIAL" />
26-->src/main/AndroidManifest.xml:14:13-65
26-->src/main/AndroidManifest.xml:14:21-62
27
28            <data android:scheme="tel" />
28-->src/main/AndroidManifest.xml:10:13-44
28-->src/main/AndroidManifest.xml:10:19-41
29        </intent>
30        <!-- If your sends SMS messages -->
31        <intent>
31-->src/main/AndroidManifest.xml:18:9-21:18
32            <action android:name="android.intent.action.SENDTO" />
32-->src/main/AndroidManifest.xml:19:13-67
32-->src/main/AndroidManifest.xml:19:21-64
33
34            <data android:scheme="smsto" />
34-->src/main/AndroidManifest.xml:10:13-44
34-->src/main/AndroidManifest.xml:10:19-41
35        </intent>
36        <!-- If your app sends emails -->
37        <intent>
37-->src/main/AndroidManifest.xml:23:9-26:18
38            <action android:name="android.intent.action.SEND" />
38-->src/main/AndroidManifest.xml:24:13-65
38-->src/main/AndroidManifest.xml:24:21-62
39
40            <data android:mimeType="*/*" />
40-->src/main/AndroidManifest.xml:10:13-44
40-->src/main/AndroidManifest.xml:25:19-41
41        </intent>
42        <intent>
42-->[:flutter_inappwebview] AndroidManifest.xml:10:9-12:18
43            <action android:name="android.support.customtabs.action.CustomTabsService" />
43-->[:flutter_inappwebview] AndroidManifest.xml:11:13-90
43-->[:flutter_inappwebview] AndroidManifest.xml:11:21-87
44        </intent>
45
46        <package android:name="woyou.aidlservice.jiuiv5" />
46-->[:sunmi_printer_plus] AndroidManifest.xml:10:9-60
46-->[:sunmi_printer_plus] AndroidManifest.xml:10:18-57
47    </queries>
48
49    <uses-permission android:name="android.permission.WAKE_LOCK" />
49-->[:firebase_messaging] AndroidManifest.xml:10:5-68
49-->[:firebase_messaging] AndroidManifest.xml:10:22-65
50    <uses-permission android:name="android.permission.ACCESS_NETWORK_STATE" />
50-->[:firebase_messaging] AndroidManifest.xml:11:5-79
50-->[:firebase_messaging] AndroidManifest.xml:11:22-76
51    <uses-permission android:name="android.permission.USE_FINGERPRINT" />
51-->[:local_auth] AndroidManifest.xml:9:5-74
51-->[:local_auth] AndroidManifest.xml:9:22-71
52    <uses-permission android:name="android.permission.RECEIVE_BOOT_COMPLETED" />
52-->[:flutter_local_notifications] AndroidManifest.xml:9:5-81
52-->[:flutter_local_notifications] AndroidManifest.xml:9:22-78
53    <uses-permission android:name="android.permission.VIBRATE" />
53-->[:flutter_local_notifications] AndroidManifest.xml:10:5-66
53-->[:flutter_local_notifications] AndroidManifest.xml:10:22-63
54    <uses-permission android:name="android.permission.USE_FULL_SCREEN_INTENT" />
54-->[:flutter_local_notifications] AndroidManifest.xml:11:5-81
54-->[:flutter_local_notifications] AndroidManifest.xml:11:22-78
55    <uses-permission android:name="android.permission.SCHEDULE_EXACT_ALARM" />
55-->[:flutter_local_notifications] AndroidManifest.xml:12:5-79
55-->[:flutter_local_notifications] AndroidManifest.xml:12:22-76
56    <uses-permission android:name="android.permission.USE_BIOMETRIC" />
56-->[androidx.biometric:biometric:1.1.0] AndroidManifest.xml:24:5-72
56-->[androidx.biometric:biometric:1.1.0] AndroidManifest.xml:24:22-69
57    <uses-permission android:name="android.permission.POST_NOTIFICATIONS" /> <!-- Required by older versions of Google Play services to create IID tokens -->
57-->[com.google.firebase:firebase-messaging:23.0.6] AndroidManifest.xml:26:5-77
57-->[com.google.firebase:firebase-messaging:23.0.6] AndroidManifest.xml:26:22-74
58    <uses-permission android:name="com.google.android.c2dm.permission.RECEIVE" />
58-->[com.google.firebase:firebase-messaging:23.0.6] AndroidManifest.xml:29:5-82
58-->[com.google.firebase:firebase-messaging:23.0.6] AndroidManifest.xml:29:22-79
59    <uses-permission android:name="com.google.android.gms.permission.AD_ID" />
59-->[com.google.android.gms:play-services-measurement-api:21.1.0] AndroidManifest.xml:25:5-79
59-->[com.google.android.gms:play-services-measurement-api:21.1.0] AndroidManifest.xml:25:22-76
60    <uses-permission android:name="com.google.android.finsky.permission.BIND_GET_INSTALL_REFERRER_SERVICE" />
60-->[com.google.android.gms:play-services-measurement:21.1.0] AndroidManifest.xml:26:5-110
60-->[com.google.android.gms:play-services-measurement:21.1.0] AndroidManifest.xml:26:22-107
61    <uses-permission android:name="android.permission.CAMERA" /> <!-- Don't require camera, as this requires a rear camera. This allows it to work on the Nexus 7 -->
61-->[com.journeyapps:zxing-android-embedded:4.3.0] AndroidManifest.xml:22:5-65
61-->[com.journeyapps:zxing-android-embedded:4.3.0] AndroidManifest.xml:22:22-62
62    <uses-feature
62-->[com.journeyapps:zxing-android-embedded:4.3.0] AndroidManifest.xml:25:5-27:36
63        android:name="android.hardware.camera"
63-->[com.journeyapps:zxing-android-embedded:4.3.0] AndroidManifest.xml:26:9-47
64        android:required="false" />
64-->[com.journeyapps:zxing-android-embedded:4.3.0] AndroidManifest.xml:27:9-33
65    <uses-feature
65-->[com.journeyapps:zxing-android-embedded:4.3.0] AndroidManifest.xml:28:5-30:36
66        android:name="android.hardware.camera.front"
66-->[com.journeyapps:zxing-android-embedded:4.3.0] AndroidManifest.xml:29:9-53
67        android:required="false" /> <!-- TODO replace above two with next line after Android 4.2 -->
67-->[com.journeyapps:zxing-android-embedded:4.3.0] AndroidManifest.xml:30:9-33
68    <!-- <uses-feature android:name="android.hardware.camera.any"/> -->
69    <uses-feature
69-->[com.journeyapps:zxing-android-embedded:4.3.0] AndroidManifest.xml:33:5-35:36
70        android:name="android.hardware.camera.autofocus"
70-->[com.journeyapps:zxing-android-embedded:4.3.0] AndroidManifest.xml:34:9-57
71        android:required="false" />
71-->[com.journeyapps:zxing-android-embedded:4.3.0] AndroidManifest.xml:35:9-33
72    <uses-feature
72-->[com.journeyapps:zxing-android-embedded:4.3.0] AndroidManifest.xml:36:5-38:36
73        android:name="android.hardware.camera.flash"
73-->[com.journeyapps:zxing-android-embedded:4.3.0] AndroidManifest.xml:37:9-53
74        android:required="false" />
74-->[com.journeyapps:zxing-android-embedded:4.3.0] AndroidManifest.xml:38:9-33
75    <uses-feature
75-->[com.journeyapps:zxing-android-embedded:4.3.0] AndroidManifest.xml:39:5-41:36
76        android:name="android.hardware.screen.landscape"
76-->[com.journeyapps:zxing-android-embedded:4.3.0] AndroidManifest.xml:40:9-57
77        android:required="false" />
77-->[com.journeyapps:zxing-android-embedded:4.3.0] AndroidManifest.xml:41:9-33
78    <uses-feature
78-->[com.journeyapps:zxing-android-embedded:4.3.0] AndroidManifest.xml:42:5-44:36
79        android:name="android.hardware.wifi"
79-->[com.journeyapps:zxing-android-embedded:4.3.0] AndroidManifest.xml:43:9-45
80        android:required="false" />
80-->[com.journeyapps:zxing-android-embedded:4.3.0] AndroidManifest.xml:44:9-33
81
82    <application
82-->src/main/AndroidManifest.xml:28:4-72:19
83        android:appComponentFactory="androidx.core.app.CoreComponentFactory"
83-->[androidx.core:core:1.8.0] AndroidManifest.xml:24:18-86
84        android:icon="@mipmap/ic_launcher"
84-->src/main/AndroidManifest.xml:31:9-43
85        android:label="@string/app_name"
85-->src/main/AndroidManifest.xml:29:9-41
86        android:usesCleartextTraffic="true" >
86-->src/main/AndroidManifest.xml:30:9-44
87        <activity
87-->src/main/AndroidManifest.xml:33:9-66:20
88            android:name="com.example.hotel.MainActivity"
88-->src/main/AndroidManifest.xml:34:13-41
89            android:configChanges="orientation|keyboardHidden|keyboard|screenSize|smallestScreenSize|locale|layoutDirection|fontScale|screenLayout|density|uiMode"
89-->src/main/AndroidManifest.xml:38:13-163
90            android:exported="true"
90-->src/main/AndroidManifest.xml:36:13-36
91            android:hardwareAccelerated="true"
91-->src/main/AndroidManifest.xml:39:13-47
92            android:launchMode="singleTop"
92-->src/main/AndroidManifest.xml:35:13-43
93            android:theme="@style/LaunchTheme"
93-->src/main/AndroidManifest.xml:37:13-47
94            android:windowSoftInputMode="adjustResize" >
94-->src/main/AndroidManifest.xml:40:13-55
95
96            <!--
97                 Specifies an Android theme to apply to this Activity as soon as
98                 the Android process has started. This theme is visible to the user
99                 while the Flutter UI initializes. After that, this theme continues
100                 to determine the Window background behind the Flutter UI.
101            -->
102            <meta-data
102-->src/main/AndroidManifest.xml:45:13-48:17
103                android:name="io.flutter.embedding.android.NormalTheme"
103-->src/main/AndroidManifest.xml:46:15-70
104                android:resource="@style/NormalTheme" />
104-->src/main/AndroidManifest.xml:47:15-52
105            <!--
106                 Displays an Android View that continues showing the launch screen
107                 Drawable until Flutter paints its first frame, then this splash
108                 screen fades out. A splash screen is useful to avoid any visual
109                 gap between the end of Android's launch screen and the painting of
110                 Flutter's first frame.
111            -->
112            <meta-data
112-->src/main/AndroidManifest.xml:54:13-57:17
113                android:name="io.flutter.embedding.android.SplashScreenDrawable"
113-->src/main/AndroidManifest.xml:55:15-79
114                android:resource="@drawable/launch_background" />
114-->src/main/AndroidManifest.xml:56:15-61
115
116            <intent-filter>
116-->src/main/AndroidManifest.xml:58:13-61:29
117                <action android:name="android.intent.action.MAIN" />
117-->src/main/AndroidManifest.xml:59:17-68
117-->src/main/AndroidManifest.xml:59:25-66
118
119                <category android:name="android.intent.category.LAUNCHER" />
119-->src/main/AndroidManifest.xml:60:17-76
119-->src/main/AndroidManifest.xml:60:27-74
120            </intent-filter>
121            <intent-filter>
121-->src/main/AndroidManifest.xml:62:13-65:29
122                <action android:name="FLUTTER_NOTIFICATION_CLICK" />
122-->src/main/AndroidManifest.xml:63:17-68
122-->src/main/AndroidManifest.xml:63:25-66
123
124                <category android:name="android.intent.category.DEFAULT" />
124-->src/main/AndroidManifest.xml:64:17-75
124-->src/main/AndroidManifest.xml:64:27-73
125            </intent-filter>
126        </activity>
127        <!--
128             Don't delete the meta-data below.
129             This is used by the Flutter tool to generate GeneratedPluginRegistrant.java
130        -->
131        <meta-data
131-->src/main/AndroidManifest.xml:69:9-71:33
132            android:name="flutterEmbedding"
132-->src/main/AndroidManifest.xml:70:13-44
133            android:value="2" />
133-->src/main/AndroidManifest.xml:71:13-30
134
135        <service
135-->[:firebase_messaging] AndroidManifest.xml:14:9-17:72
136            android:name="io.flutter.plugins.firebase.messaging.FlutterFirebaseMessagingBackgroundService"
136-->[:firebase_messaging] AndroidManifest.xml:15:13-107
137            android:exported="false"
137-->[:firebase_messaging] AndroidManifest.xml:16:13-37
138            android:permission="android.permission.BIND_JOB_SERVICE" />
138-->[:firebase_messaging] AndroidManifest.xml:17:13-69
139        <service
139-->[:firebase_messaging] AndroidManifest.xml:18:9-24:19
140            android:name="io.flutter.plugins.firebase.messaging.FlutterFirebaseMessagingService"
140-->[:firebase_messaging] AndroidManifest.xml:19:13-97
141            android:exported="false" >
141-->[:firebase_messaging] AndroidManifest.xml:20:13-37
142            <intent-filter>
142-->[:firebase_messaging] AndroidManifest.xml:21:13-23:29
143                <action android:name="com.google.firebase.MESSAGING_EVENT" />
143-->[:firebase_messaging] AndroidManifest.xml:22:17-78
143-->[:firebase_messaging] AndroidManifest.xml:22:25-75
144            </intent-filter>
145        </service>
146
147        <receiver
147-->[:firebase_messaging] AndroidManifest.xml:26:9-33:20
148            android:name="io.flutter.plugins.firebase.messaging.FlutterFirebaseMessagingReceiver"
148-->[:firebase_messaging] AndroidManifest.xml:27:13-98
149            android:exported="true"
149-->[:firebase_messaging] AndroidManifest.xml:28:13-36
150            android:permission="com.google.android.c2dm.permission.SEND" >
150-->[:firebase_messaging] AndroidManifest.xml:29:13-73
151            <intent-filter>
151-->[:firebase_messaging] AndroidManifest.xml:30:13-32:29
152                <action android:name="com.google.android.c2dm.intent.RECEIVE" />
152-->[:firebase_messaging] AndroidManifest.xml:31:17-81
152-->[:firebase_messaging] AndroidManifest.xml:31:25-78
153            </intent-filter>
154        </receiver>
155
156        <service
156-->[:firebase_messaging] AndroidManifest.xml:35:9-39:19
157            android:name="com.google.firebase.components.ComponentDiscoveryService"
157-->[:firebase_messaging] AndroidManifest.xml:35:18-89
158            android:directBootAware="true"
158-->[com.google.firebase:firebase-common:20.1.1] AndroidManifest.xml:35:13-43
159            android:exported="false" >
159-->[com.google.firebase:firebase-analytics-ktx:21.1.0] AndroidManifest.xml:10:13-37
160            <meta-data
160-->[:firebase_messaging] AndroidManifest.xml:36:13-38:85
161                android:name="com.google.firebase.components:io.flutter.plugins.firebase.messaging.FlutterFirebaseAppRegistrar"
161-->[:firebase_messaging] AndroidManifest.xml:37:17-128
162                android:value="com.google.firebase.components.ComponentRegistrar" />
162-->[:firebase_messaging] AndroidManifest.xml:38:17-82
163            <meta-data
163-->[:firebase_core] AndroidManifest.xml:11:13-13:85
164                android:name="com.google.firebase.components:io.flutter.plugins.firebase.core.FlutterFirebaseCoreRegistrar"
164-->[:firebase_core] AndroidManifest.xml:12:17-124
165                android:value="com.google.firebase.components.ComponentRegistrar" />
165-->[:firebase_core] AndroidManifest.xml:13:17-82
166            <meta-data
166-->[com.google.firebase:firebase-analytics-ktx:21.1.0] AndroidManifest.xml:11:13-13:85
167                android:name="com.google.firebase.components:com.google.firebase.analytics.ktx.FirebaseAnalyticsKtxRegistrar"
167-->[com.google.firebase:firebase-analytics-ktx:21.1.0] AndroidManifest.xml:12:17-126
168                android:value="com.google.firebase.components.ComponentRegistrar" />
168-->[com.google.firebase:firebase-analytics-ktx:21.1.0] AndroidManifest.xml:13:17-82
169            <meta-data
169-->[com.google.firebase:firebase-common-ktx:20.1.1] AndroidManifest.xml:15:13-17:85
170                android:name="com.google.firebase.components:com.google.firebase.ktx.FirebaseCommonKtxRegistrar"
170-->[com.google.firebase:firebase-common-ktx:20.1.1] AndroidManifest.xml:16:17-113
171                android:value="com.google.firebase.components.ComponentRegistrar" />
171-->[com.google.firebase:firebase-common-ktx:20.1.1] AndroidManifest.xml:17:17-82
172            <meta-data
172-->[com.google.firebase:firebase-messaging:23.0.6] AndroidManifest.xml:56:13-58:85
173                android:name="com.google.firebase.components:com.google.firebase.messaging.FirebaseMessagingRegistrar"
173-->[com.google.firebase:firebase-messaging:23.0.6] AndroidManifest.xml:57:17-119
174                android:value="com.google.firebase.components.ComponentRegistrar" />
174-->[com.google.firebase:firebase-messaging:23.0.6] AndroidManifest.xml:58:17-82
175            <meta-data
175-->[com.google.firebase:firebase-datatransport:18.1.5] AndroidManifest.xml:28:13-30:85
176                android:name="com.google.firebase.components:com.google.firebase.datatransport.TransportRegistrar"
176-->[com.google.firebase:firebase-datatransport:18.1.5] AndroidManifest.xml:29:17-115
177                android:value="com.google.firebase.components.ComponentRegistrar" />
177-->[com.google.firebase:firebase-datatransport:18.1.5] AndroidManifest.xml:30:17-82
178            <meta-data
178-->[com.google.android.gms:play-services-measurement-api:21.1.0] AndroidManifest.xml:31:13-33:85
179                android:name="com.google.firebase.components:com.google.firebase.analytics.connector.internal.AnalyticsConnectorRegistrar"
179-->[com.google.android.gms:play-services-measurement-api:21.1.0] AndroidManifest.xml:32:17-139
180                android:value="com.google.firebase.components.ComponentRegistrar" />
180-->[com.google.android.gms:play-services-measurement-api:21.1.0] AndroidManifest.xml:33:17-82
181            <meta-data
181-->[com.google.firebase:firebase-installations:17.0.1] AndroidManifest.xml:18:13-20:85
182                android:name="com.google.firebase.components:com.google.firebase.installations.FirebaseInstallationsRegistrar"
182-->[com.google.firebase:firebase-installations:17.0.1] AndroidManifest.xml:19:17-127
183                android:value="com.google.firebase.components.ComponentRegistrar" />
183-->[com.google.firebase:firebase-installations:17.0.1] AndroidManifest.xml:20:17-82
184        </service>
185
186        <provider
186-->[:firebase_messaging] AndroidManifest.xml:41:9-45:38
187            android:name="io.flutter.plugins.firebase.messaging.FlutterFirebaseMessagingInitProvider"
187-->[:firebase_messaging] AndroidManifest.xml:42:13-102
188            android:authorities="com.example.hotel.dev.flutterfirebasemessaginginitprovider"
188-->[:firebase_messaging] AndroidManifest.xml:43:13-88
189            android:exported="false"
189-->[:firebase_messaging] AndroidManifest.xml:44:13-37
190            android:initOrder="99" />
190-->[:firebase_messaging] AndroidManifest.xml:45:13-35
191        <provider
191-->[:image_picker_android] AndroidManifest.xml:10:9-18:20
192            android:name="io.flutter.plugins.imagepicker.ImagePickerFileProvider"
192-->[:image_picker_android] AndroidManifest.xml:11:13-82
193            android:authorities="com.example.hotel.dev.flutter.image_provider"
193-->[:image_picker_android] AndroidManifest.xml:12:13-74
194            android:exported="false"
194-->[:image_picker_android] AndroidManifest.xml:13:13-37
195            android:grantUriPermissions="true" >
195-->[:image_picker_android] AndroidManifest.xml:14:13-47
196            <meta-data
196-->[:image_picker_android] AndroidManifest.xml:15:13-17:75
197                android:name="android.support.FILE_PROVIDER_PATHS"
197-->[:image_picker_android] AndroidManifest.xml:16:17-67
198                android:resource="@xml/flutter_image_picker_file_paths" />
198-->[:image_picker_android] AndroidManifest.xml:17:17-72
199        </provider>
200
201        <receiver
201-->[:flutter_local_notifications] AndroidManifest.xml:15:9-17:40
202            android:name="com.dexterous.flutterlocalnotifications.ScheduledNotificationReceiver"
202-->[:flutter_local_notifications] AndroidManifest.xml:16:13-97
203            android:exported="false" />
203-->[:flutter_local_notifications] AndroidManifest.xml:17:13-37
204        <receiver
204-->[:flutter_local_notifications] AndroidManifest.xml:18:9-27:20
205            android:name="com.dexterous.flutterlocalnotifications.ScheduledNotificationBootReceiver"
205-->[:flutter_local_notifications] AndroidManifest.xml:19:13-101
206            android:exported="false" >
206-->[:flutter_local_notifications] AndroidManifest.xml:20:13-37
207            <intent-filter>
207-->[:flutter_local_notifications] AndroidManifest.xml:21:13-26:29
208                <action android:name="android.intent.action.BOOT_COMPLETED" />
208-->[:flutter_local_notifications] AndroidManifest.xml:22:17-79
208-->[:flutter_local_notifications] AndroidManifest.xml:22:25-76
209                <action android:name="android.intent.action.MY_PACKAGE_REPLACED" />
209-->[:flutter_local_notifications] AndroidManifest.xml:23:17-84
209-->[:flutter_local_notifications] AndroidManifest.xml:23:25-81
210                <action android:name="android.intent.action.QUICKBOOT_POWERON" />
210-->[:flutter_local_notifications] AndroidManifest.xml:24:17-82
210-->[:flutter_local_notifications] AndroidManifest.xml:24:25-79
211                <action android:name="com.htc.intent.action.QUICKBOOT_POWERON" />
211-->[:flutter_local_notifications] AndroidManifest.xml:25:17-82
211-->[:flutter_local_notifications] AndroidManifest.xml:25:25-79
212            </intent-filter>
213        </receiver>
214
215        <activity
215-->[:url_launcher_android] AndroidManifest.xml:10:9-13:74
216            android:name="io.flutter.plugins.urllauncher.WebViewActivity"
216-->[:url_launcher_android] AndroidManifest.xml:11:13-74
217            android:exported="false"
217-->[:url_launcher_android] AndroidManifest.xml:12:13-37
218            android:theme="@android:style/Theme.NoTitleBar.Fullscreen" />
218-->[:url_launcher_android] AndroidManifest.xml:13:13-71
219        <activity
219-->[:flutter_inappwebview] AndroidManifest.xml:16:9-20:47
220            android:name="com.pichillilorenzo.flutter_inappwebview.in_app_browser.InAppBrowserActivity"
220-->[:flutter_inappwebview] AndroidManifest.xml:17:13-104
221            android:configChanges="orientation|keyboardHidden|keyboard|screenSize|locale|layoutDirection|fontScale|screenLayout|density"
221-->[:flutter_inappwebview] AndroidManifest.xml:18:13-137
222            android:exported="false"
222-->[:flutter_inappwebview] AndroidManifest.xml:19:13-37
223            android:theme="@style/AppTheme" />
223-->[:flutter_inappwebview] AndroidManifest.xml:20:13-44
224        <activity
224-->[:flutter_inappwebview] AndroidManifest.xml:21:9-24:55
225            android:name="com.pichillilorenzo.flutter_inappwebview.chrome_custom_tabs.ChromeCustomTabsActivity"
225-->[:flutter_inappwebview] AndroidManifest.xml:22:13-112
226            android:exported="false"
226-->[:flutter_inappwebview] AndroidManifest.xml:23:13-37
227            android:theme="@style/ThemeTransparent" />
227-->[:flutter_inappwebview] AndroidManifest.xml:24:13-52
228        <activity
228-->[:flutter_inappwebview] AndroidManifest.xml:25:9-28:55
229            android:name="com.pichillilorenzo.flutter_inappwebview.chrome_custom_tabs.TrustedWebActivity"
229-->[:flutter_inappwebview] AndroidManifest.xml:26:13-106
230            android:exported="false"
230-->[:flutter_inappwebview] AndroidManifest.xml:27:13-37
231            android:theme="@style/ThemeTransparent" />
231-->[:flutter_inappwebview] AndroidManifest.xml:28:13-52
232        <activity
232-->[:flutter_inappwebview] AndroidManifest.xml:29:9-33:55
233            android:name="com.pichillilorenzo.flutter_inappwebview.chrome_custom_tabs.ChromeCustomTabsActivitySingleInstance"
233-->[:flutter_inappwebview] AndroidManifest.xml:30:13-126
234            android:exported="false"
234-->[:flutter_inappwebview] AndroidManifest.xml:31:13-37
235            android:launchMode="singleInstance"
235-->[:flutter_inappwebview] AndroidManifest.xml:32:13-48
236            android:theme="@style/ThemeTransparent" />
236-->[:flutter_inappwebview] AndroidManifest.xml:33:13-52
237        <activity
237-->[:flutter_inappwebview] AndroidManifest.xml:34:9-38:55
238            android:name="com.pichillilorenzo.flutter_inappwebview.chrome_custom_tabs.TrustedWebActivitySingleInstance"
238-->[:flutter_inappwebview] AndroidManifest.xml:35:13-120
239            android:exported="false"
239-->[:flutter_inappwebview] AndroidManifest.xml:36:13-37
240            android:launchMode="singleInstance"
240-->[:flutter_inappwebview] AndroidManifest.xml:37:13-48
241            android:theme="@style/ThemeTransparent" />
241-->[:flutter_inappwebview] AndroidManifest.xml:38:13-52
242
243        <receiver
243-->[:flutter_inappwebview] AndroidManifest.xml:40:9-43:40
244            android:name="com.pichillilorenzo.flutter_inappwebview.chrome_custom_tabs.ActionBroadcastReceiver"
244-->[:flutter_inappwebview] AndroidManifest.xml:41:13-111
245            android:enabled="true"
245-->[:flutter_inappwebview] AndroidManifest.xml:42:13-35
246            android:exported="false" />
246-->[:flutter_inappwebview] AndroidManifest.xml:43:13-37
247
248        <meta-data
248-->[:flutter_inappwebview] AndroidManifest.xml:45:9-47:36
249            android:name="io.flutter.embedded_views_preview"
249-->[:flutter_inappwebview] AndroidManifest.xml:46:13-61
250            android:value="true" />
250-->[:flutter_inappwebview] AndroidManifest.xml:47:13-33
251
252        <provider
252-->[:share_plus] AndroidManifest.xml:10:9-18:20
253            android:name="dev.fluttercommunity.plus.share.ShareFileProvider"
253-->[:share_plus] AndroidManifest.xml:11:13-77
254            android:authorities="com.example.hotel.dev.flutter.share_provider"
254-->[:share_plus] AndroidManifest.xml:12:13-74
255            android:exported="false"
255-->[:share_plus] AndroidManifest.xml:13:13-37
256            android:grantUriPermissions="true" >
256-->[:share_plus] AndroidManifest.xml:14:13-47
257            <meta-data
257-->[:image_picker_android] AndroidManifest.xml:15:13-17:75
258                android:name="android.support.FILE_PROVIDER_PATHS"
258-->[:image_picker_android] AndroidManifest.xml:16:17-67
259                android:resource="@xml/flutter_share_file_paths" />
259-->[:image_picker_android] AndroidManifest.xml:17:17-72
260        </provider>
261
262        <uses-library
262-->[androidx.window:window:1.0.0-beta04] AndroidManifest.xml:25:9-27:40
263            android:name="androidx.window.extensions"
263-->[androidx.window:window:1.0.0-beta04] AndroidManifest.xml:26:13-54
264            android:required="false" />
264-->[androidx.window:window:1.0.0-beta04] AndroidManifest.xml:27:13-37
265        <uses-library
265-->[androidx.window:window:1.0.0-beta04] AndroidManifest.xml:28:9-30:40
266            android:name="androidx.window.sidecar"
266-->[androidx.window:window:1.0.0-beta04] AndroidManifest.xml:29:13-51
267            android:required="false" />
267-->[androidx.window:window:1.0.0-beta04] AndroidManifest.xml:30:13-37
268
269        <receiver
269-->[com.google.firebase:firebase-messaging:23.0.6] AndroidManifest.xml:32:9-39:20
270            android:name="com.google.firebase.iid.FirebaseInstanceIdReceiver"
270-->[com.google.firebase:firebase-messaging:23.0.6] AndroidManifest.xml:33:13-78
271            android:exported="true"
271-->[com.google.firebase:firebase-messaging:23.0.6] AndroidManifest.xml:34:13-36
272            android:permission="com.google.android.c2dm.permission.SEND" >
272-->[com.google.firebase:firebase-messaging:23.0.6] AndroidManifest.xml:35:13-73
273            <intent-filter>
273-->[:firebase_messaging] AndroidManifest.xml:30:13-32:29
274                <action android:name="com.google.android.c2dm.intent.RECEIVE" />
274-->[:firebase_messaging] AndroidManifest.xml:31:17-81
274-->[:firebase_messaging] AndroidManifest.xml:31:25-78
275            </intent-filter>
276        </receiver>
277        <!--
278             FirebaseMessagingService performs security checks at runtime,
279             but set to not exported to explicitly avoid allowing another app to call it.
280        -->
281        <service
281-->[com.google.firebase:firebase-messaging:23.0.6] AndroidManifest.xml:45:9-52:19
282            android:name="com.google.firebase.messaging.FirebaseMessagingService"
282-->[com.google.firebase:firebase-messaging:23.0.6] AndroidManifest.xml:46:13-82
283            android:directBootAware="true"
283-->[com.google.firebase:firebase-messaging:23.0.6] AndroidManifest.xml:47:13-43
284            android:exported="false" >
284-->[com.google.firebase:firebase-messaging:23.0.6] AndroidManifest.xml:48:13-37
285            <intent-filter android:priority="-500" >
285-->[:firebase_messaging] AndroidManifest.xml:21:13-23:29
286                <action android:name="com.google.firebase.MESSAGING_EVENT" />
286-->[:firebase_messaging] AndroidManifest.xml:22:17-78
286-->[:firebase_messaging] AndroidManifest.xml:22:25-75
287            </intent-filter>
288        </service>
289
290        <provider
290-->[com.google.firebase:firebase-common:20.1.1] AndroidManifest.xml:26:9-31:39
291            android:name="com.google.firebase.provider.FirebaseInitProvider"
291-->[com.google.firebase:firebase-common:20.1.1] AndroidManifest.xml:27:13-77